This file contains any messages produced by compilers while
running configure, to aid debugging if configure makes a mistake.

It was created by configure, which was
generated by GNU Autoconf 2.57.  Invocation command line was

  $ ./configure --prefix=/home/piotrek/Pulpit/ncrypt

## --------- ##
## Platform. ##
## --------- ##

hostname = socrates
uname -m = i686
uname -r = 2.6.35-22-generic
uname -s = Linux
uname -v = #35-Ubuntu SMP Sat Oct 16 20:36:48 UTC 2010

/usr/bin/uname -p = unknown
/bin/uname -X     = unknown

/bin/arch              = unknown
/usr/bin/arch -k       = unknown
/usr/convex/getsysinfo = unknown
hostinfo               = unknown
/bin/machine           = unknown
/usr/bin/oslevel       = unknown
/bin/universe          = unknown

PATH: /home/piotrek/tahoe/tahoe-lafs-i2p/bin
PATH: /home/piotrek/tahoe/tahoe-lafs-i2p/bin
PATH: /home/piotrek/bin
PATH: /usr/local/sbin
PATH: /usr/local/bin
PATH: /usr/sbin
PATH: /usr/bin
PATH: /sbin
PATH: /bin
PATH: /usr/games


## ----------- ##
## Core tests. ##
## ----------- ##

configure:1306: checking for a BSD-compatible install
configure:1360: result: /usr/bin/install -c
configure:1371: checking whether build environment is sane
configure:1414: result: yes
configure:1447: checking for gawk
configure:1463: found /usr/bin/gawk
configure:1473: result: gawk
configure:1483: checking whether make sets $(MAKE)
configure:1503: result: yes
configure:1678: checking for gawk
configure:1704: result: gawk
configure:1760: checking for gcc
configure:1776: found /usr/bin/gcc
configure:1786: result: gcc
configure:2030: checking for C compiler version
configure:2033: gcc --version </dev/null >&5
gcc (Ubuntu/Linaro 4.4.4-14ubuntu5) 4.4.5
Copyright (C) 2010 Free Software Foundation, Inc.
This is free software; see the source for copying conditions.  There is NO
warranty; not even for MERCHANTABILITY or FITNESS FOR A PARTICULAR PURPOSE.

configure:2036: $? = 0
configure:2038: gcc -v </dev/null >&5
Using built-in specs.
Target: i686-linux-gnu
Configured with: ../src/configure -v --with-pkgversion='Ubuntu/Linaro 4.4.4-14ubuntu5' --with-bugurl=file:///usr/share/doc/gcc-4.4/README.Bugs --enable-languages=c,c++,fortran,objc,obj-c++ --prefix=/usr --program-suffix=-4.4 --enable-shared --enable-multiarch --enable-linker-build-id --with-system-zlib --libexecdir=/usr/lib --without-included-gettext --enable-threads=posix --with-gxx-include-dir=/usr/include/c++/4.4 --libdir=/usr/lib --enable-nls --with-sysroot=/ --enable-clocale=gnu --enable-libstdcxx-debug --enable-objc-gc --enable-targets=all --disable-werror --with-arch-32=i686 --with-tune=generic --enable-checking=release --build=i686-linux-gnu --host=i686-linux-gnu --target=i686-linux-gnu
Thread model: posix
gcc version 4.4.5 (Ubuntu/Linaro 4.4.4-14ubuntu5) 
configure:2041: $? = 0
configure:2043: gcc -V </dev/null >&5
gcc: '-V' option must have argument
configure:2046: $? = 1
configure:2070: checking for C compiler default output
configure:2073: gcc    conftest.c  >&5
configure:2076: $? = 0
configure:2122: result: a.out
configure:2127: checking whether the C compiler works
configure:2133: ./a.out
configure:2136: $? = 0
configure:2153: result: yes
configure:2160: checking whether we are cross compiling
configure:2162: result: no
configure:2165: checking for suffix of executables
configure:2167: gcc -o conftest    conftest.c  >&5
configure:2170: $? = 0
configure:2195: result: 
configure:2201: checking for suffix of object files
configure:2223: gcc -c   conftest.c >&5
configure:2226: $? = 0
configure:2248: result: o
configure:2252: checking whether we are using the GNU C compiler
configure:2277: gcc -c   conftest.c >&5
configure:2280: $? = 0
configure:2283: test -s conftest.o
configure:2286: $? = 0
configure:2299: result: yes
configure:2305: checking whether gcc accepts -g
configure:2327: gcc -c -g  conftest.c >&5
configure:2330: $? = 0
configure:2333: test -s conftest.o
configure:2336: $? = 0
configure:2347: result: yes
configure:2364: checking for gcc option to accept ANSI C
configure:2425: gcc  -c -g -O2  conftest.c >&5
configure:2428: $? = 0
configure:2431: test -s conftest.o
configure:2434: $? = 0
configure:2452: result: none needed
configure:2470: gcc -c -g -O2  conftest.c >&5
conftest.c:2: error: expected '=', ',', ';', 'asm' or '__attribute__' before 'me'
configure:2473: $? = 1
configure: failed program was:
| #ifndef __cplusplus
|   choke me
| #endif
configure:2593: checking for style of include used by make
configure:2621: result: GNU
configure:2649: checking dependency style of gcc
configure:2732: result: none
configure:2761: checking for a BSD-compatible install
configure:2815: result: /usr/bin/install -c
configure:2826: checking whether ln -s works
configure:2830: result: yes
configure:2845: checking how to run the C preprocessor
configure:2881: gcc -E  conftest.c
configure:2887: $? = 0
configure:2919: gcc -E  conftest.c
configure:2920: fatal error: ac_nonexistent.h: No such file or directory
compilation terminated.
configure:2925: $? = 1
configure: failed program was:
| #line 2910 "configure"
| /* confdefs.h.  */
| 
| #define PACKAGE_NAME ""
| #define PACKAGE_TARNAME ""
| #define PACKAGE_VERSION ""
| #define PACKAGE_STRING ""
| #define PACKAGE_BUGREPORT ""
| #define PACKAGE "ncrypt"
| #define VERSION "0.6.11"
| /* end confdefs.h.  */
| #include <ac_nonexistent.h>
configure:2963: result: gcc -E
configure:2988: gcc -E  conftest.c
configure:2994: $? = 0
configure:3026: gcc -E  conftest.c
configure:3027: fatal error: ac_nonexistent.h: No such file or directory
compilation terminated.
configure:3032: $? = 1
configure: failed program was:
| #line 3017 "configure"
| /* confdefs.h.  */
| 
| #define PACKAGE_NAME ""
| #define PACKAGE_TARNAME ""
| #define PACKAGE_VERSION ""
| #define PACKAGE_STRING ""
| #define PACKAGE_BUGREPORT ""
| #define PACKAGE "ncrypt"
| #define VERSION "0.6.11"
| /* end confdefs.h.  */
| #include <ac_nonexistent.h>
configure:3075: checking for egrep
configure:3085: result: grep -E
configure:3090: checking for ANSI C header files
configure:3116: gcc -c -g -O2  conftest.c >&5
configure:3119: $? = 0
configure:3122: test -s conftest.o
configure:3125: $? = 0
configure:3217: gcc -o conftest -g -O2   conftest.c  >&5
configure: In function 'main':
configure:3212: warning: incompatible implicit declaration of built-in function 'exit'
configure:3220: $? = 0
configure:3222: ./conftest
configure:3225: $? = 0
configure:3240: result: yes
configure:3264: checking for sys/types.h
configure:3281: gcc -c -g -O2  conftest.c >&5
configure:3284: $? = 0
configure:3287: test -s conftest.o
configure:3290: $? = 0
configure:3301: result: yes
configure:3264: checking for sys/stat.h
configure:3281: gcc -c -g -O2  conftest.c >&5
configure:3284: $? = 0
configure:3287: test -s conftest.o
configure:3290: $? = 0
configure:3301: result: yes
configure:3264: checking for stdlib.h
configure:3281: gcc -c -g -O2  conftest.c >&5
configure:3284: $? = 0
configure:3287: test -s conftest.o
configure:3290: $? = 0
configure:3301: result: yes
configure:3264: checking for string.h
configure:3281: gcc -c -g -O2  conftest.c >&5
configure:3284: $? = 0
configure:3287: test -s conftest.o
configure:3290: $? = 0
configure:3301: result: yes
configure:3264: checking for memory.h
configure:3281: gcc -c -g -O2  conftest.c >&5
configure:3284: $? = 0
configure:3287: test -s conftest.o
configure:3290: $? = 0
configure:3301: result: yes
configure:3264: checking for strings.h
configure:3281: gcc -c -g -O2  conftest.c >&5
configure:3284: $? = 0
configure:3287: test -s conftest.o
configure:3290: $? = 0
configure:3301: result: yes
configure:3264: checking for inttypes.h
configure:3281: gcc -c -g -O2  conftest.c >&5
configure:3284: $? = 0
configure:3287: test -s conftest.o
configure:3290: $? = 0
configure:3301: result: yes
configure:3264: checking for stdint.h
configure:3281: gcc -c -g -O2  conftest.c >&5
configure:3284: $? = 0
configure:3287: test -s conftest.o
configure:3290: $? = 0
configure:3301: result: yes
configure:3264: checking for unistd.h
configure:3281: gcc -c -g -O2  conftest.c >&5
configure:3284: $? = 0
configure:3287: test -s conftest.o
configure:3290: $? = 0
configure:3301: result: yes
configure:3331: checking fcntl.h usability
configure:3344: gcc -c -g -O2  conftest.c >&5
configure:3347: $? = 0
configure:3350: test -s conftest.o
configure:3353: $? = 0
configure:3363: result: yes
configure:3367: checking fcntl.h presence
configure:3378: gcc -E  conftest.c
configure:3384: $? = 0
configure:3403: result: yes
configure:3439: checking for fcntl.h
configure:3446: result: yes
configure:3331: checking sys/ioctl.h usability
configure:3344: gcc -c -g -O2  conftest.c >&5
configure:3347: $? = 0
configure:3350: test -s conftest.o
configure:3353: $? = 0
configure:3363: result: yes
configure:3367: checking sys/ioctl.h presence
configure:3378: gcc -E  conftest.c
configure:3384: $? = 0
configure:3403: result: yes
configure:3439: checking for sys/ioctl.h
configure:3446: result: yes
configure:3331: checking sys/time.h usability
configure:3344: gcc -c -g -O2  conftest.c >&5
configure:3347: $? = 0
configure:3350: test -s conftest.o
configure:3353: $? = 0
configure:3363: result: yes
configure:3367: checking sys/time.h presence
configure:3378: gcc -E  conftest.c
configure:3384: $? = 0
configure:3403: result: yes
configure:3439: checking for sys/time.h
configure:3446: result: yes
configure:3322: checking for sys/stat.h
configure:3327: result: yes
configure:3322: checking for unistd.h
configure:3327: result: yes
configure:3460: checking for an ANSI C-conforming const
configure:3528: gcc -c -g -O2  conftest.c >&5
configure:3531: $? = 0
configure:3534: test -s conftest.o
configure:3537: $? = 0
configure:3548: result: yes
configure:3558: checking for size_t
configure:3583: gcc -c -g -O2  conftest.c >&5
configure:3586: $? = 0
configure:3589: test -s conftest.o
configure:3592: $? = 0
configure:3603: result: yes
configure:3616: checking whether time.h and sys/time.h may both be included
configure:3642: gcc -c -g -O2  conftest.c >&5
configure:3645: $? = 0
configure:3648: test -s conftest.o
configure:3651: $? = 0
configure:3662: result: yes
configure:3684: checking for gettimeofday
configure:3734: gcc -o conftest -O3 -Wall   conftest.c  >&5
configure:3737: $? = 0
configure:3740: test -s conftest
configure:3743: $? = 0
configure:3754: result: yes
configure:3684: checking for strdup
configure:3734: gcc -o conftest -O3 -Wall   conftest.c  >&5
configure:3732: warning: conflicting types for built-in function 'strdup'
configure:3737: $? = 0
configure:3740: test -s conftest
configure:3743: $? = 0
configure:3754: result: yes
configure:3684: checking for strerror
configure:3734: gcc -o conftest -O3 -Wall   conftest.c  >&5
configure:3737: $? = 0
configure:3740: test -s conftest
configure:3743: $? = 0
configure:3754: result: yes
configure:3877: creating ./config.status

## ---------------------- ##
## Running config.status. ##
## ---------------------- ##

This file was extended by config.status, which was
generated by GNU Autoconf 2.57.  Invocation command line was

  CONFIG_FILES    = 
  CONFIG_HEADERS  = 
  CONFIG_LINKS    = 
  CONFIG_COMMANDS = 
  $ ./config.status 

on socrates

config.status:653: creating Makefile
config.status:757: creating config.h
config.status:1002: executing depfiles commands

## ---------------- ##
## Cache variables. ##
## ---------------- ##

ac_cv_c_compiler_gnu=yes
ac_cv_c_const=yes
ac_cv_env_CC_set=
ac_cv_env_CC_value=
ac_cv_env_CFLAGS_set=
ac_cv_env_CFLAGS_value=
ac_cv_env_CPPFLAGS_set=
ac_cv_env_CPPFLAGS_value=
ac_cv_env_CPP_set=
ac_cv_env_CPP_value=
ac_cv_env_LDFLAGS_set=
ac_cv_env_LDFLAGS_value=
ac_cv_env_build_alias_set=
ac_cv_env_build_alias_value=
ac_cv_env_host_alias_set=
ac_cv_env_host_alias_value=
ac_cv_env_target_alias_set=
ac_cv_env_target_alias_value=
ac_cv_exeext=
ac_cv_func_gettimeofday=yes
ac_cv_func_strdup=yes
ac_cv_func_strerror=yes
ac_cv_header_fcntl_h=yes
ac_cv_header_inttypes_h=yes
ac_cv_header_memory_h=yes
ac_cv_header_stdc=yes
ac_cv_header_stdint_h=yes
ac_cv_header_stdlib_h=yes
ac_cv_header_string_h=yes
ac_cv_header_strings_h=yes
ac_cv_header_sys_ioctl_h=yes
ac_cv_header_sys_stat_h=yes
ac_cv_header_sys_time_h=yes
ac_cv_header_sys_types_h=yes
ac_cv_header_time=yes
ac_cv_header_unistd_h=yes
ac_cv_objext=o
ac_cv_path_install='/usr/bin/install -c'
ac_cv_prog_AWK=gawk
ac_cv_prog_CPP='gcc -E'
ac_cv_prog_ac_ct_CC=gcc
ac_cv_prog_cc_g=yes
ac_cv_prog_cc_stdc=
ac_cv_prog_egrep='grep -E'
ac_cv_prog_make_make_set=yes
ac_cv_type_size_t=yes
am_cv_CC_dependencies_compiler_type=none

## ----------------- ##
## Output variables. ##
## ----------------- ##

ACLOCAL='${SHELL} /home/piotrek/Pulpit/ncrypt-0.6.11/missing --run aclocal-1.7'
AMDEPBACKSLASH='\'
AMDEP_FALSE='#'
AMDEP_TRUE=''
AMTAR='${SHELL} /home/piotrek/Pulpit/ncrypt-0.6.11/missing --run tar'
AUTOCONF='${SHELL} /home/piotrek/Pulpit/ncrypt-0.6.11/missing --run autoconf'
AUTOHEADER='${SHELL} /home/piotrek/Pulpit/ncrypt-0.6.11/missing --run autoheader'
AUTOMAKE='${SHELL} /home/piotrek/Pulpit/ncrypt-0.6.11/missing --run automake-1.7'
AWK='gawk'
CC='gcc'
CCDEPMODE='depmode=none'
CFLAGS='-O3 -Wall'
CPP='gcc -E'
CPPFLAGS=''
CYGPATH_W='echo'
DEFS='-DHAVE_CONFIG_H'
DEPDIR='.deps'
ECHO_C=''
ECHO_N='-n'
ECHO_T=''
EGREP='grep -E'
EXEEXT=''
INSTALL_DATA='${INSTALL} -m 644'
INSTALL_PROGRAM='${INSTALL}'
INSTALL_SCRIPT='${INSTALL}'
INSTALL_STRIP_PROGRAM='${SHELL} $(install_sh) -c -s'
LDFLAGS=''
LIBOBJS=''
LIBS=''
LN_S='ln -s'
LTLIBOBJS=''
MAKEINFO='${SHELL} /home/piotrek/Pulpit/ncrypt-0.6.11/missing --run makeinfo'
OBJEXT='o'
PACKAGE='ncrypt'
PACKAGE_BUGREPORT=''
PACKAGE_NAME=''
PACKAGE_STRING=''
PACKAGE_TARNAME=''
PACKAGE_VERSION=''
PATH_SEPARATOR=':'
SET_MAKE=''
SHELL='/bin/bash'
STRIP=''
VERSION='0.6.11'
ac_ct_CC='gcc'
ac_ct_STRIP=''
am__fastdepCC_FALSE=''
am__fastdepCC_TRUE='#'
am__include='include'
am__leading_dot='.'
am__quote=''
bindir='${exec_prefix}/bin'
build_alias=''
datadir='${prefix}/share'
exec_prefix='${prefix}'
host_alias=''
includedir='${prefix}/include'
infodir='${prefix}/info'
install_sh='/home/piotrek/Pulpit/ncrypt-0.6.11/install-sh'
libdir='${exec_prefix}/lib'
libexecdir='${exec_prefix}/libexec'
localstatedir='${prefix}/var'
mandir='${prefix}/man'
oldincludedir='/usr/include'
prefix='/home/piotrek/Pulpit/ncrypt'
program_transform_name='s,x,x,'
sbindir='${exec_prefix}/sbin'
sharedstatedir='${prefix}/com'
sysconfdir='${prefix}/etc'
target_alias=''

## ----------- ##
## confdefs.h. ##
## ----------- ##

#define HAVE_FCNTL_H 1
#define HAVE_GETTIMEOFDAY 1
#define HAVE_INTTYPES_H 1
#define HAVE_MEMORY_H 1
#define HAVE_STDINT_H 1
#define HAVE_STDLIB_H 1
#define HAVE_STRDUP 1
#define HAVE_STRERROR 1
#define HAVE_STRINGS_H 1
#define HAVE_STRING_H 1
#define HAVE_SYS_IOCTL_H 1
#define HAVE_SYS_STAT_H 1
#define HAVE_SYS_STAT_H 1
#define HAVE_SYS_TIME_H 1
#define HAVE_SYS_TYPES_H 1
#define HAVE_UNISTD_H 1
#define HAVE_UNISTD_H 1
#define PACKAGE "ncrypt"
#define PACKAGE_BUGREPORT ""
#define PACKAGE_NAME ""
#define PACKAGE_STRING ""
#define PACKAGE_TARNAME ""
#define PACKAGE_VERSION ""
#define STDC_HEADERS 1
#define TIME_WITH_SYS_TIME 1
#define VERSION "0.6.11"

configure: exit 0
